This file contains any messages produced by compilers while
running configure, to aid debugging if configure makes a mistake.

It was created by dedup configure 1.4.2, which was
generated by GNU Autoconf 2.65.  Invocation command line was

  $ ./configure 

## --------- ##
## Platform. ##
## --------- ##

hostname = localhost.localdomain
uname -m = i686
uname -r = 2.6.23.1-42.fc8
uname -s = Linux
uname -v = #1 SMP Tue Oct 30 13:55:12 EDT 2007

/usr/bin/uname -p = unknown
/bin/uname -X     = unknown

/bin/arch              = i686
/usr/bin/arch -k       = unknown
/usr/convex/getsysinfo = unknown
/usr/bin/hostinfo      = unknown
/bin/machine           = unknown
/usr/bin/oslevel       = unknown
/bin/universe          = unknown

PATH: /usr/lib/qt-3.3/bin
PATH: /usr/kerberos/sbin
PATH: /usr/kerberos/bin
PATH: /usr/lib/ccache
PATH: /usr/local/sbin
PATH: /usr/local/bin
PATH: /sbin
PATH: /bin
PATH: /usr/sbin
PATH: /usr/bin
PATH: /root/bin


## ----------- ##
## Core tests. ##
## ----------- ##

configure:2202: checking for a BSD-compatible install
configure:2270: result: /usr/bin/install -c
configure:2281: checking whether build environment is sane
configure:2318: result: yes
configure:2343: checking for a thread-safe mkdir -p
configure:2382: result: /bin/mkdir -p
configure:2395: checking for gawk
configure:2411: found /bin/gawk
configure:2422: result: gawk
configure:2433: checking whether make sets $(MAKE)
configure:2455: result: yes
configure:2687: checking for gcc
configure:2703: found /usr/lib/ccache/gcc
configure:2714: result: gcc
configure:2943: checking for C compiler version
configure:2952: gcc --version >&5
gcc (GCC) 4.1.2 20070925 (Red Hat 4.1.2-33)
Copyright (C) 2006 Free Software Foundation, Inc.
This is free software; see the source for copying conditions.  There is NO
warranty; not even for MERCHANTABILITY or FITNESS FOR A PARTICULAR PURPOSE.

configure:2963: $? = 0
configure:2952: gcc -v >&5
Using built-in specs.
Target: i386-redhat-linux
Configured with: ../configure --prefix=/usr --mandir=/usr/share/man --infodir=/usr/share/info --enable-shared --enable-threads=posix --enable-checking=release --with-system-zlib --enable-__cxa_atexit --disable-libunwind-exceptions --enable-languages=c,c++,objc,obj-c++,java,fortran,ada --enable-java-awt=gtk --disable-dssi --enable-plugin --with-java-home=/usr/lib/jvm/java-1.5.0-gcj-1.5.0.0/jre --enable-libgcj-multifile --enable-java-maintainer-mode --with-ecj-jar=/usr/share/java/eclipse-ecj.jar --with-cpu=generic --host=i386-redhat-linux
Thread model: posix
gcc version 4.1.2 20070925 (Red Hat 4.1.2-33)
configure:2963: $? = 0
configure:2952: gcc -V >&5
gcc: '-V' option must have argument
configure:2963: $? = 1
configure:2952: gcc -qversion >&5
gcc: unrecognized option '-qversion'
gcc: no input files
configure:2963: $? = 1
configure:2983: checking whether the C compiler works
configure:3005: gcc    conftest.c  >&5
configure:3009: $? = 0
configure:3058: result: yes
configure:3061: checking for C compiler default output file name
configure:3063: result: a.out
configure:3069: checking for suffix of executables
configure:3076: gcc -o conftest    conftest.c  >&5
configure:3080: $? = 0
configure:3102: result: 
configure:3124: checking whether we are cross compiling
configure:3132: gcc -o conftest    conftest.c  >&5
configure:3136: $? = 0
configure:3143: ./conftest
configure:3147: $? = 0
configure:3162: result: no
configure:3167: checking for suffix of object files
configure:3189: gcc -c   conftest.c >&5
configure:3193: $? = 0
configure:3214: result: o
configure:3218: checking whether we are using the GNU C compiler
configure:3237: gcc -c   conftest.c >&5
configure:3237: $? = 0
configure:3246: result: yes
configure:3255: checking whether gcc accepts -g
configure:3275: gcc -c -g  conftest.c >&5
configure:3275: $? = 0
configure:3316: result: yes
configure:3333: checking for gcc option to accept ISO C89
configure:3397: gcc  -c -g -O2  conftest.c >&5
configure:3397: $? = 0
configure:3410: result: none needed
configure:3441: checking for style of include used by make
configure:3469: result: GNU
configure:3494: checking dependency style of gcc
configure:3585: result: gcc3
configure:3601: checking whether gcc and cc understand -c and -o together
configure:3632: gcc -c conftest.c -o conftest2.o >&5
configure:3636: $? = 0
configure:3642: gcc -c conftest.c -o conftest2.o >&5
configure:3646: $? = 0
configure:3657: cc -c conftest.c >&5
configure:3661: $? = 0
configure:3669: cc -c conftest.c -o conftest2.o >&5
configure:3673: $? = 0
configure:3679: cc -c conftest.c -o conftest2.o >&5
configure:3683: $? = 0
configure:3701: result: yes
configure:3729: checking for inflate in -lz
configure:3754: gcc -o conftest -g -O2   conftest.c -lz   >&5
configure:3754: $? = 0
configure:3763: result: yes
configure:3774: checking for deflate in -lz
configure:3799: gcc -o conftest -g -O2   conftest.c -lz  -lz  >&5
configure:3799: $? = 0
configure:3808: result: yes
configure:3862: checking for ranlib
configure:3878: found /usr/bin/ranlib
configure:3889: result: ranlib
configure:3916: checking for dirent.h that defines DIR
configure:3935: gcc -c -g -O2  conftest.c >&5
configure:3935: $? = 0
configure:3943: result: yes
configure:3957: checking for library containing opendir
configure:3988: gcc -o conftest -g -O2   conftest.c -lz -lz  >&5
configure:3988: $? = 0
configure:4005: result: none required
configure:4077: checking how to run the C preprocessor
configure:4108: gcc -E  conftest.c
configure:4108: $? = 0
configure:4122: gcc -E  conftest.c
conftest.c:14:28: error: ac_nonexistent.h: No such file or directory
configure:4122: $? = 1
configure: failed program was:
| /* confdefs.h */
| #define PACKAGE_NAME "dedup"
| #define PACKAGE_TARNAME "dedup"
| #define PACKAGE_VERSION "1.4.2"
| #define PACKAGE_STRING "dedup 1.4.2"
| #define PACKAGE_BUGREPORT "Aigui.Liu@gmail.com"
| #define PACKAGE_URL ""
| #define PACKAGE "dedup"
| #define VERSION "1.4.2"
| #define HAVE_LIBZ 1
| #define HAVE_LIBZ 1
| #define HAVE_DIRENT_H 1
| /* end confdefs.h.  */
| #include <ac_nonexistent.h>
configure:4147: result: gcc -E
configure:4167: gcc -E  conftest.c
configure:4167: $? = 0
configure:4181: gcc -E  conftest.c
conftest.c:14:28: error: ac_nonexistent.h: No such file or directory
configure:4181: $? = 1
configure: failed program was:
| /* confdefs.h */
| #define PACKAGE_NAME "dedup"
| #define PACKAGE_TARNAME "dedup"
| #define PACKAGE_VERSION "1.4.2"
| #define PACKAGE_STRING "dedup 1.4.2"
| #define PACKAGE_BUGREPORT "Aigui.Liu@gmail.com"
| #define PACKAGE_URL ""
| #define PACKAGE "dedup"
| #define VERSION "1.4.2"
| #define HAVE_LIBZ 1
| #define HAVE_LIBZ 1
| #define HAVE_DIRENT_H 1
| /* end confdefs.h.  */
| #include <ac_nonexistent.h>
configure:4210: checking for grep that handles long lines and -e
configure:4268: result: /bin/grep
configure:4273: checking for egrep
configure:4335: result: /bin/grep -E
configure:4340: checking for ANSI C header files
configure:4360: gcc -c -g -O2  conftest.c >&5
configure:4360: $? = 0
configure:4433: gcc -o conftest -g -O2   conftest.c -lz -lz  >&5
configure:4433: $? = 0
configure:4433: ./conftest
configure:4433: $? = 0
configure:4444: result: yes
configure:4457: checking for sys/types.h
configure:4457: gcc -c -g -O2  conftest.c >&5
configure:4457: $? = 0
configure:4457: result: yes
configure:4457: checking for sys/stat.h
configure:4457: gcc -c -g -O2  conftest.c >&5
configure:4457: $? = 0
configure:4457: result: yes
configure:4457: checking for stdlib.h
configure:4457: gcc -c -g -O2  conftest.c >&5
configure:4457: $? = 0
configure:4457: result: yes
configure:4457: checking for string.h
configure:4457: gcc -c -g -O2  conftest.c >&5
configure:4457: $? = 0
configure:4457: result: yes
configure:4457: checking for memory.h
configure:4457: gcc -c -g -O2  conftest.c >&5
configure:4457: $? = 0
configure:4457: result: yes
configure:4457: checking for strings.h
configure:4457: gcc -c -g -O2  conftest.c >&5
configure:4457: $? = 0
configure:4457: result: yes
configure:4457: checking for inttypes.h
configure:4457: gcc -c -g -O2  conftest.c >&5
configure:4457: $? = 0
configure:4457: result: yes
configure:4457: checking for stdint.h
configure:4457: gcc -c -g -O2  conftest.c >&5
configure:4457: $? = 0
configure:4457: result: yes
configure:4457: checking for unistd.h
configure:4457: gcc -c -g -O2  conftest.c >&5
configure:4457: $? = 0
configure:4457: result: yes
configure:4473: checking fcntl.h usability
configure:4473: gcc -c -g -O2  conftest.c >&5
configure:4473: $? = 0
configure:4473: result: yes
configure:4473: checking fcntl.h presence
configure:4473: gcc -E  conftest.c
configure:4473: $? = 0
configure:4473: result: yes
configure:4473: checking for fcntl.h
configure:4473: result: yes
configure:4473: checking for stdlib.h
configure:4473: result: yes
configure:4473: checking for string.h
configure:4473: result: yes
configure:4473: checking for unistd.h
configure:4473: result: yes
configure:4473: checking getopt.h usability
configure:4473: gcc -c -g -O2  conftest.c >&5
configure:4473: $? = 0
configure:4473: result: yes
configure:4473: checking getopt.h presence
configure:4473: gcc -E  conftest.c
configure:4473: $? = 0
configure:4473: result: yes
configure:4473: checking for getopt.h
configure:4473: result: yes
configure:4473: checking zlib.h usability
configure:4473: gcc -c -g -O2  conftest.c >&5
configure:4473: $? = 0
configure:4473: result: yes
configure:4473: checking zlib.h presence
configure:4473: gcc -E  conftest.c
configure:4473: $? = 0
configure:4473: result: yes
configure:4473: checking for zlib.h
configure:4473: result: yes
configure:4486: checking for an ANSI C-conforming const
configure:4551: gcc -c -g -O2  conftest.c >&5
configure:4551: $? = 0
configure:4558: result: yes
configure:4566: checking for inline
configure:4582: gcc -c -g -O2  conftest.c >&5
configure:4582: $? = 0
configure:4590: result: inline
configure:4608: checking for size_t
configure:4608: gcc -c -g -O2  conftest.c >&5
configure:4608: $? = 0
configure:4608: gcc -c -g -O2  conftest.c >&5
conftest.c: In function 'main':
conftest.c:66: error: expected expression before ')' token
configure:4608: $? = 1
configure: failed program was:
| /* confdefs.h */
| #define PACKAGE_NAME "dedup"
| #define PACKAGE_TARNAME "dedup"
| #define PACKAGE_VERSION "1.4.2"
| #define PACKAGE_STRING "dedup 1.4.2"
| #define PACKAGE_BUGREPORT "Aigui.Liu@gmail.com"
| #define PACKAGE_URL ""
| #define PACKAGE "dedup"
| #define VERSION "1.4.2"
| #define HAVE_LIBZ 1
| #define HAVE_LIBZ 1
| #define HAVE_DIRENT_H 1
| #define STDC_HEADERS 1
| #define HAVE_SYS_TYPES_H 1
| #define HAVE_SYS_STAT_H 1
| #define HAVE_STDLIB_H 1
| #define HAVE_STRING_H 1
| #define HAVE_MEMORY_H 1
| #define HAVE_STRINGS_H 1
| #define HAVE_INTTYPES_H 1
| #define HAVE_STDINT_H 1
| #define HAVE_UNISTD_H 1
| #define HAVE_FCNTL_H 1
| #define HAVE_STDLIB_H 1
| #define HAVE_STRING_H 1
| #define HAVE_UNISTD_H 1
| #define HAVE_GETOPT_H 1
| #define HAVE_ZLIB_H 1
| /* end confdefs.h.  */
| #include <stdio.h>
| #ifdef HAVE_SYS_TYPES_H
| # include <sys/types.h>
| #endif
| #ifdef HAVE_SYS_STAT_H
| # include <sys/stat.h>
| #endif
| #ifdef STDC_HEADERS
| # include <stdlib.h>
| # include <stddef.h>
| #else
| # ifdef HAVE_STDLIB_H
| #  include <stdlib.h>
| # endif
| #endif
| #ifdef HAVE_STRING_H
| # if !defined STDC_HEADERS && defined HAVE_MEMORY_H
| #  include <memory.h>
| # endif
| # include <string.h>
| #endif
| #ifdef HAVE_STRINGS_H
| # include <strings.h>
| #endif
| #ifdef HAVE_INTTYPES_H
| # include <inttypes.h>
| #endif
| #ifdef HAVE_STDINT_H
| # include <stdint.h>
| #endif
| #ifdef HAVE_UNISTD_H
| # include <unistd.h>
| #endif
| int
| main ()
| {
| if (sizeof ((size_t)))
| 	    return 0;
|   ;
|   return 0;
| }
configure:4608: result: yes
configure:4621: checking whether closedir returns void
configure:4645: gcc -o conftest -g -O2   conftest.c -lz -lz  >&5
configure:4645: $? = 0
configure:4645: ./conftest
configure:4645: $? = 0
configure:4655: result: no
configure:4663: checking whether lstat correctly handles trailing slash
configure:4689: gcc -o conftest -g -O2   conftest.c -lz -lz  >&5
configure:4689: $? = 0
configure:4689: ./conftest
configure:4689: $? = 0
configure:4706: result: yes
configure:4725: checking whether lstat accepts an empty string
configure:4745: gcc -o conftest -g -O2   conftest.c -lz -lz  >&5
configure:4745: $? = 0
configure:4745: ./conftest
configure:4745: $? = 0
configure:4755: result: no
configure:4771: checking whether lstat correctly handles trailing slash
configure:4814: result: yes
configure:4835: checking for stdlib.h
configure:4835: result: yes
configure:4845: checking for GNU libc compatible malloc
configure:4869: gcc -o conftest -g -O2   conftest.c -lz -lz  >&5
configure:4869: $? = 0
configure:4869: ./conftest
configure:4869: $? = 0
configure:4879: result: yes
configure:4903: checking for memset
configure:4903: gcc -o conftest -g -O2   conftest.c -lz -lz  >&5
conftest.c:57: warning: conflicting types for built-in function 'memset'
configure:4903: $? = 0
configure:4903: result: yes
configure:4903: checking for mkdir
configure:4903: gcc -o conftest -g -O2   conftest.c -lz -lz  >&5
configure:4903: $? = 0
configure:4903: result: yes
configure:4903: checking for strdup
configure:4903: gcc -o conftest -g -O2   conftest.c -lz -lz  >&5
conftest.c:59: warning: conflicting types for built-in function 'strdup'
configure:4903: $? = 0
configure:4903: result: yes
configure:5026: creating ./config.status

## ---------------------- ##
## Running config.status. ##
## ---------------------- ##

This file was extended by dedup config.status 1.4.2, which was
generated by GNU Autoconf 2.65.  Invocation command line was

  CONFIG_FILES    = 
  CONFIG_HEADERS  = 
  CONFIG_LINKS    = 
  CONFIG_COMMANDS = 
  $ ./config.status 

on localhost.localdomain

config.status:866: creating Makefile
config.status:866: creating src/Makefile
config.status:866: creating config.h
config.status:1038: config.h is unchanged
config.status:1085: executing depfiles commands

## ---------------- ##
## Cache variables. ##
## ---------------- ##

ac_cv_c_compiler_gnu=yes
ac_cv_c_const=yes
ac_cv_c_inline=inline
ac_cv_env_CC_set=
ac_cv_env_CC_value=
ac_cv_env_CFLAGS_set=
ac_cv_env_CFLAGS_value=
ac_cv_env_CPPFLAGS_set=
ac_cv_env_CPPFLAGS_value=
ac_cv_env_CPP_set=
ac_cv_env_CPP_value=
ac_cv_env_LDFLAGS_set=
ac_cv_env_LDFLAGS_value=
ac_cv_env_LIBS_set=
ac_cv_env_LIBS_value=
ac_cv_env_build_alias_set=
ac_cv_env_build_alias_value=
ac_cv_env_host_alias_set=
ac_cv_env_host_alias_value=
ac_cv_env_target_alias_set=
ac_cv_env_target_alias_value=
ac_cv_func_closedir_void=no
ac_cv_func_lstat_dereferences_slashed_symlink=yes
ac_cv_func_lstat_empty_string_bug=no
ac_cv_func_malloc_0_nonnull=yes
ac_cv_func_memset=yes
ac_cv_func_mkdir=yes
ac_cv_func_strdup=yes
ac_cv_header_dirent_dirent_h=yes
ac_cv_header_fcntl_h=yes
ac_cv_header_getopt_h=yes
ac_cv_header_inttypes_h=yes
ac_cv_header_memory_h=yes
ac_cv_header_stdc=yes
ac_cv_header_stdint_h=yes
ac_cv_header_stdlib_h=yes
ac_cv_header_string_h=yes
ac_cv_header_strings_h=yes
ac_cv_header_sys_stat_h=yes
ac_cv_header_sys_types_h=yes
ac_cv_header_unistd_h=yes
ac_cv_header_zlib_h=yes
ac_cv_lib_z_deflate=yes
ac_cv_lib_z_inflate=yes
ac_cv_objext=o
ac_cv_path_EGREP='/bin/grep -E'
ac_cv_path_GREP=/bin/grep
ac_cv_path_install='/usr/bin/install -c'
ac_cv_path_mkdir=/bin/mkdir
ac_cv_prog_AWK=gawk
ac_cv_prog_CPP='gcc -E'
ac_cv_prog_ac_ct_CC=gcc
ac_cv_prog_ac_ct_RANLIB=ranlib
ac_cv_prog_cc_c89=
ac_cv_prog_cc_g=yes
ac_cv_prog_cc_gcc_c_o=yes
ac_cv_prog_make_make_set=yes
ac_cv_search_opendir='none required'
ac_cv_type_size_t=yes
am_cv_CC_dependencies_compiler_type=gcc3

## ----------------- ##
## Output variables. ##
## ----------------- ##

ACLOCAL='${SHELL} /home/util/missing --run aclocal-1.10'
AMDEPBACKSLASH='\'
AMDEP_FALSE='#'
AMDEP_TRUE=''
AMTAR='${SHELL} /home/util/missing --run tar'
AUTOCONF='${SHELL} /home/util/missing --run autoconf'
AUTOHEADER='${SHELL} /home/util/missing --run autoheader'
AUTOMAKE='${SHELL} /home/util/missing --run automake-1.10'
AWK='gawk'
CC='gcc'
CCDEPMODE='depmode=gcc3'
CFLAGS='-g -O2'
CPP='gcc -E'
CPPFLAGS=''
CYGPATH_W='echo'
DEFS='-DHAVE_CONFIG_H'
DEPDIR='.deps'
ECHO_C=''
ECHO_N='-n'
ECHO_T=''
EGREP='/bin/grep -E'
EXEEXT=''
GREP='/bin/grep'
INSTALL_DATA='${INSTALL} -m 644'
INSTALL_PROGRAM='${INSTALL}'
INSTALL_SCRIPT='${INSTALL}'
INSTALL_STRIP_PROGRAM='$(install_sh) -c -s'
LDFLAGS=''
LIBOBJS=''
LIBS='-lz -lz '
LTLIBOBJS=''
MAKEINFO='${SHELL} /home/util/missing --run makeinfo'
MKDIR_P='/bin/mkdir -p'
OBJEXT='o'
PACKAGE='dedup'
PACKAGE_BUGREPORT='Aigui.Liu@gmail.com'
PACKAGE_NAME='dedup'
PACKAGE_STRING='dedup 1.4.2'
PACKAGE_TARNAME='dedup'
PACKAGE_URL=''
PACKAGE_VERSION='1.4.2'
PATH_SEPARATOR=':'
RANLIB='ranlib'
SET_MAKE=''
SHELL='/bin/sh'
STRIP=''
VERSION='1.4.2'
ac_ct_CC='gcc'
am__fastdepCC_FALSE='#'
am__fastdepCC_TRUE=''
am__include='include'
am__isrc=''
am__leading_dot='.'
am__quote=''
am__tar='${AMTAR} chof - "$$tardir"'
am__untar='${AMTAR} xf -'
bindir='${exec_prefix}/bin'
build_alias=''
datadir='${datarootdir}'
datarootdir='${prefix}/share'
docdir='${datarootdir}/doc/${PACKAGE_TARNAME}'
dvidir='${docdir}'
exec_prefix='${prefix}'
host_alias=''
htmldir='${docdir}'
includedir='${prefix}/include'
infodir='${datarootdir}/info'
install_sh='$(SHELL) /home/util/install-sh'
libdir='${exec_prefix}/lib'
libexecdir='${exec_prefix}/libexec'
localedir='${datarootdir}/locale'
localstatedir='${prefix}/var'
mandir='${datarootdir}/man'
mkdir_p='/bin/mkdir -p'
oldincludedir='/usr/include'
pdfdir='${docdir}'
prefix='/usr/local'
program_transform_name='s,x,x,'
psdir='${docdir}'
sbindir='${exec_prefix}/sbin'
sharedstatedir='${prefix}/com'
sysconfdir='${prefix}/etc'
target_alias=''

## ----------- ##
## confdefs.h. ##
## ----------- ##

/* confdefs.h */
#define PACKAGE_NAME "dedup"
#define PACKAGE_TARNAME "dedup"
#define PACKAGE_VERSION "1.4.2"
#define PACKAGE_STRING "dedup 1.4.2"
#define PACKAGE_BUGREPORT "Aigui.Liu@gmail.com"
#define PACKAGE_URL ""
#define PACKAGE "dedup"
#define VERSION "1.4.2"
#define HAVE_LIBZ 1
#define HAVE_LIBZ 1
#define HAVE_DIRENT_H 1
#define STDC_HEADERS 1
#define HAVE_SYS_TYPES_H 1
#define HAVE_SYS_STAT_H 1
#define HAVE_STDLIB_H 1
#define HAVE_STRING_H 1
#define HAVE_MEMORY_H 1
#define HAVE_STRINGS_H 1
#define HAVE_INTTYPES_H 1
#define HAVE_STDINT_H 1
#define HAVE_UNISTD_H 1
#define HAVE_FCNTL_H 1
#define HAVE_STDLIB_H 1
#define HAVE_STRING_H 1
#define HAVE_UNISTD_H 1
#define HAVE_GETOPT_H 1
#define HAVE_ZLIB_H 1
#define LSTAT_FOLLOWS_SLASHED_SYMLINK 1
#define LSTAT_FOLLOWS_SLASHED_SYMLINK 1
#define HAVE_STDLIB_H 1
#define HAVE_MALLOC 1
#define HAVE_MEMSET 1
#define HAVE_MKDIR 1
#define HAVE_STRDUP 1

configure: exit 0
